<?xml version="1.0" encoding="UTF-8"?>
<testng-results ignored="0" total="2" passed="2" failed="0" skipped="0">
  <reporter-output>
  </reporter-output>
  <suite started-at="2025-01-02T12:38:46 IST" name="Suite" finished-at="2025-01-02T12:38:46 IST" duration-ms="125">
    <groups>
    </groups>
    <test started-at="2025-01-02T12:38:46 IST" name="Test" finished-at="2025-01-02T12:38:46 IST" duration-ms="125">
      <class name="Sections.testng_trials">
        <test-method signature="Desktop_AddItem()[pri:0, instance:Sections.testng_trials@74e52ef6]" started-at="2025-01-02T12:38:46 IST" name="Desktop_AddItem" finished-at="2025-01-02T12:38:46 IST" duration-ms="34" status="PASS">
          <reporter-output>
          </reporter-output>
        </test-method> <!-- Desktop_AddItem -->
        <test-method signature="Desktop_Login()[pri:0, instance:Sections.testng_trials@74e52ef6]" started-at="2025-01-02T12:38:46 IST" name="Desktop_Login" finished-at="2025-01-02T12:38:46 IST" duration-ms="2" status="PASS">
          <reporter-output>
          </reporter-output>
        </test-method> <!-- Desktop_Login -->
      </class> <!-- Sections.testng_trials -->
    </test> <!-- Test -->
  </suite> <!-- Suite -->
</testng-results>
