<?xml version="1.0" encoding="UTF-8"?>
<!-- Generated by org.testng.reporters.JUnitXMLReporter -->
<testsuite ignored="2" hostname="IBM-5HBS2F3" failures="0" tests="2" name="Test" time="0.125" errors="0" timestamp="2025-01-02T12:38:46 IST">
  <testcase classname="Sections.testng_trials" name="Desktop_AddItem" time="0.034"/>
  <testcase classname="Sections.testng_trials" name="Desktop_Login" time="0.002"/>
  <testcase classname="Sections.testng_trials" name="Computer_Login" time="0.0">
    <ignored/>
  </testcase> <!-- Computer_Login -->
  <testcase classname="Sections.testng_trials" name="Mobile_Login" time="0.0">
    <ignored/>
  </testcase> <!-- Mobile_Login -->
</testsuite> <!-- Test -->
